17:33:45.738 INFO  FtpServer 29 main - Created and started a new thread Thread-0 for a new connection.
17:33:46.131 WARN  EchoProtocol 68 handleEchoClient - Exception in echo protocol java.net.SocketException: Connection reset
	at java.net.SocketInputStream.read(SocketInputStream.java:186) ~[?:?]
	at java.net.SocketInputStream.read(SocketInputStream.java:140) ~[?:?]
	at java.io.BufferedInputStream.fill(BufferedInputStream.java:252) ~[?:?]
	at java.io.BufferedInputStream.read(BufferedInputStream.java:271) ~[?:?]
	at java.io.DataInputStream.readUnsignedShort(DataInputStream.java:342) ~[?:?]
	at java.io.DataInputStream.readUTF(DataInputStream.java:594) ~[?:?]
	at java.io.DataInputStream.readUTF(DataInputStream.java:569) ~[?:?]
	at EchoProtocol.handleEchoClient(EchoProtocol.java:32) [classes/:?]
	at EchoProtocol.run(EchoProtocol.java:23) [classes/:?]
	at java.lang.Thread.run(Thread.java:834) [?:?]

17:34:43.135 INFO  FtpServer 29 main - Created and started a new thread Thread-1 for a new connection.
17:34:56.267 WARN  EchoProtocol 68 handleEchoClient - Exception in echo protocol java.net.SocketException: Connection reset
	at java.net.SocketInputStream.read(SocketInputStream.java:186) ~[?:?]
	at java.net.SocketInputStream.read(SocketInputStream.java:140) ~[?:?]
	at java.io.BufferedInputStream.fill(BufferedInputStream.java:252) ~[?:?]
	at java.io.BufferedInputStream.read(BufferedInputStream.java:271) ~[?:?]
	at java.io.DataInputStream.readUnsignedShort(DataInputStream.java:342) ~[?:?]
	at java.io.DataInputStream.readUTF(DataInputStream.java:594) ~[?:?]
	at java.io.DataInputStream.readUTF(DataInputStream.java:569) ~[?:?]
	at EchoProtocol.handleEchoClient(EchoProtocol.java:32) [classes/:?]
	at EchoProtocol.run(EchoProtocol.java:23) [classes/:?]
	at java.lang.Thread.run(Thread.java:834) [?:?]

17:35:06.013 INFO  FtpServer 29 main - Created and started a new thread Thread-2 for a new connection.
17:35:06.085 INFO  EchoProtocol 45 handleEchoClient - 开始接受文件: melody.wav
17:35:06.087 INFO  EchoProtocol 46 handleEchoClient - 文件长度为: 1755574
17:41:39.112 INFO  FtpServer 29 main - Created and started a new thread Thread-0 for a new connection.
17:41:39.196 INFO  EchoProtocol 45 handleEchoClient - 开始接受文件: melody.wav
17:41:39.198 INFO  EchoProtocol 46 handleEchoClient - 文件长度为: 1755574
17:53:45.796 INFO  FtpServer 29 main - Created and started a new thread Thread-0 for a new connection.
17:53:45.836 INFO  EchoProtocol 46 handleEchoClient - 开始接受文件: melody.wav
17:53:45.838 INFO  EchoProtocol 47 handleEchoClient - 文件长度为: 1755574
17:57:11.811 INFO  FtpServer 29 main - Created and started a new thread Thread-1 for a new connection.
17:57:11.859 INFO  EchoProtocol 46 handleEchoClient - 开始接受文件: JavaWeb.pdf
17:57:11.860 INFO  EchoProtocol 47 handleEchoClient - 文件长度为: 164365477
